<?xml version="1.0" encoding="UTF-8"?>
<testng-results skipped="0" failed="0" total="1" passed="1">
  <reporter-output>
  </reporter-output>
  <suite name="Default suite" duration-ms="30701" started-at="2016-08-30T17:57:01Z" finished-at="2016-08-30T17:57:31Z">
    <groups>
    </groups>
    <test name="Default test" duration-ms="30701" started-at="2016-08-30T17:57:01Z" finished-at="2016-08-30T17:57:31Z">
      <class name="com.edureka.testcase.ExecutionTest">
        <test-method status="PASS" signature="executeTestScriptReturnTrueIfCompleted()[pri:0, instance:com.edureka.testcase.ExecutionTest@7cf02bee]" name="executeTestScriptReturnTrueIfCompleted" duration-ms="30670" started-at="2016-08-30T13:57:01Z" finished-at="2016-08-30T13:57:31Z">
          <reporter-output>
          </reporter-output>
        </test-method> <!-- executeTestScriptReturnTrueIfCompleted -->
      </class> <!-- com.edureka.testcase.ExecutionTest -->
    </test> <!-- Default test -->
  </suite> <!-- Default suite -->
</testng-results>
