<?xml version="1.0" encoding="UTF-8"?>
<testng-results skipped="0" failed="0" total="1" passed="1">
  <reporter-output>
  </reporter-output>
  <suite name="Default suite" duration-ms="33397" started-at="2016-08-30T17:35:29Z" finished-at="2016-08-30T17:36:03Z">
    <groups>
    </groups>
    <test name="Default test" duration-ms="33397" started-at="2016-08-30T17:35:29Z" finished-at="2016-08-30T17:36:03Z">
      <class name="com.edureka.testcase.ExecutionTest">
        <test-method status="PASS" signature="executeTestScriptReturnTrueIfCompleted()[pri:0, instance:com.edureka.testcase.ExecutionTest@36c3fc68]" name="executeTestScriptReturnTrueIfCompleted" duration-ms="33366" started-at="2016-08-30T13:35:29Z" finished-at="2016-08-30T13:36:03Z">
          <reporter-output>
          </reporter-output>
        </test-method> <!-- executeTestScriptReturnTrueIfCompleted -->
      </class> <!-- com.edureka.testcase.ExecutionTest -->
    </test> <!-- Default test -->
  </suite> <!-- Default suite -->
</testng-results>
